<?xml version="1.0" encoding="UTF-8"?>
<!-- Generated by org.testng.reporters.JUnitReportReporter -->
<testsuite hostname="DESKTOP-884QDQC" failures="0" tests="3" name="com.nopcommerce.user.User_01_Register_Login" time="0.006" errors="0" timestamp="17 Nov 2021 18:01:03 GMT" skipped="0">
  <testcase classname="com.nopcommerce.user.User_01_Register_Login" name="TC_02" time="0.000"/>
  <testcase classname="com.nopcommerce.user.User_01_Register_Login" name="TC_03" time="0.001"/>
  <testcase classname="com.nopcommerce.user.User_01_Register_Login" name="TC_01" time="0.005"/>
</testsuite> <!-- com.nopcommerce.user.User_01_Register_Login -->
